<?xml version="1.0" encoding="UTF-8"?>
<!-- Generated by org.testng.reporters.JUnitXMLReporter -->
<testsuite ignored="0" hostname="DESKTOP-HH38TVK" failures="0" tests="8" name="Testng" time="165.856" errors="0" timestamp="2022-09-28T11:41:30 IST">
  <testcase classname="testdata.verifyregister" name="register" time="28.897"/>
  <testcase classname="testdata.verifylogin" name="login" time="18.785"/>
  <testcase classname="testdata.verifycurrencydropdown" name="currency" time="10.999"/>
  <testcase classname="testdata.verifyheader" name="header" time="5.328"/>
  <testcase classname="testdata.verifyproductprice" name="price" time="16.406"/>
  <testcase classname="testdata.verify_brokenlink" name="brokenlinks" time="8.773"/>
  <testcase classname="testdata.verifylinkstext" name="verifylinktext" time="0.266"/>
  <testcase classname="testdata.verify_openlink" name="openlinks" time="16.169"/>
</testsuite> <!-- Testng -->
