<?xml version="1.0" encoding="UTF-8"?>
<testng-results ignored="0" total="1" passed="1" failed="0" skipped="0">
  <reporter-output>
  </reporter-output>
  <suite started-at="2022-09-18T13:48:22 IST" name="Default suite" finished-at="2022-09-18T13:48:49 IST" duration-ms="26616">
    <groups>
    </groups>
    <test started-at="2022-09-18T13:48:22 IST" name="Default test" finished-at="2022-09-18T13:48:49 IST" duration-ms="26616">
      <class name="testdata.verifylogin">
        <test-method is-config="true" signature="lunch()[pri:0, instance:testdata.verifylogin@409bf450]" started-at="2022-09-18T13:48:22 IST" name="lunch" finished-at="2022-09-18T13:48:30 IST" duration-ms="7453" status="PASS">
          <reporter-output>
          </reporter-output>
        </test-method> <!-- lunch -->
        <test-method signature="login()[pri:0, instance:testdata.verifylogin@409bf450]" started-at="2022-09-18T13:48:30 IST" name="login" finished-at="2022-09-18T13:48:49 IST" duration-ms="18728" status="PASS">
          <reporter-output>
          </reporter-output>
        </test-method> <!-- login -->
        <test-method is-config="true" signature="end()[pri:0, instance:testdata.verifylogin@409bf450]" started-at="2022-09-18T13:48:49 IST" name="end" finished-at="2022-09-18T13:48:49 IST" duration-ms="375" status="PASS">
          <reporter-output>
          </reporter-output>
        </test-method> <!-- end -->
      </class> <!-- testdata.verifylogin -->
    </test> <!-- Default test -->
  </suite> <!-- Default suite -->
</testng-results>
